[2025-05-30T07:56:49.223Z] ERROR: Unable to connect to the database: Unknown database 'auth_service_db'
[2025-05-30T07:56:50.774Z] ERROR: Unable to connect to the database: Unknown database 'auth_service_db'
[2025-05-30T07:56:52.061Z] ERROR: Unable to connect to the database: Unknown database 'auth_service_db'
[2025-05-30T07:56:53.373Z] ERROR: Unable to connect to the database: Unknown database 'auth_service_db'
[2025-05-30T07:56:55.167Z] ERROR: Unable to connect to the database: Unknown database 'auth_service_db'
[2025-05-30T07:56:57.649Z] ERROR: Unable to connect to the database: Unknown database 'auth_service_db'
[2025-05-30T07:57:04.271Z] ERROR: Unable to connect to the database: Unknown database 'auth_service_db'
[2025-05-30T07:57:11.339Z] ERROR: Unable to connect to the database: Unknown database 'auth_service_db'
[2025-05-30T07:57:24.735Z] ERROR: Unable to connect to the database: Unknown database 'auth_service_db'
[2025-05-30T07:57:53.899Z] ERROR: Unable to connect to the database: Unknown database 'auth_service_db'
[2025-05-30T08:06:58.940Z] ERROR: Error: request aborted
[2025-05-30T08:23:14.567Z] ERROR: Error: request aborted
[2025-05-30T08:24:20.039Z] ERROR: Error: request aborted
[2025-05-30T08:30:34.824Z] ERROR: Error: request aborted
[2025-05-30T08:36:14.936Z] ERROR: Error: request aborted
[2025-05-30T08:36:14.945Z] ERROR: Error: request aborted
[2025-05-30T08:43:45.047Z] ERROR: Error: request aborted
[2025-05-30T08:43:45.050Z] ERROR: Error: request aborted
[2025-05-30T09:04:01.004Z] ERROR: Error finding user by username or email: Unknown column 'department' in 'field list'
[2025-05-30T09:04:01.005Z] ERROR: Error: Error finding user
[2025-05-30T09:04:08.926Z] ERROR: Error finding user by username or email: Unknown column 'department' in 'field list'
[2025-05-30T09:04:08.927Z] ERROR: Error: Error finding user
[2025-05-30T09:06:05.265Z] ERROR: Error finding user by username or email: Unknown column 'department' in 'field list'
[2025-05-30T09:06:05.266Z] ERROR: Error: Error finding user
[2025-05-30T09:06:11.470Z] ERROR: Error finding user by username or email: Unknown column 'department' in 'field list'
[2025-05-30T09:06:11.470Z] ERROR: Error: Error finding user
[2025-05-30T09:07:46.441Z] ERROR: Error finding user by username or email: Unknown column 'department' in 'field list'
[2025-05-30T09:07:46.441Z] ERROR: Error: Error finding user
[2025-05-30T09:43:03.643Z] ERROR: Unable to connect to the database: Unknown database 'auth_service_db'
[2025-05-30T09:43:04.850Z] ERROR: Unable to connect to the database: Unknown database 'auth_service_db'
[2025-05-30T09:43:06.107Z] ERROR: Unable to connect to the database: Unknown database 'auth_service_db'
[2025-05-30T09:43:07.325Z] ERROR: Unable to connect to the database: Unknown database 'auth_service_db'
[2025-05-30T09:43:08.786Z] ERROR: Unable to connect to the database: Unknown database 'auth_service_db'
[2025-05-30T09:43:11.198Z] ERROR: Unable to connect to the database: Unknown database 'auth_service_db'
[2025-05-30T09:43:17.886Z] ERROR: Unable to connect to the database: Unknown database 'auth_service_db'
[2025-05-30T09:43:24.954Z] ERROR: Unable to connect to the database: Unknown database 'auth_service_db'
[2025-05-30T09:43:50.115Z] ERROR: Error finding user by username or email: Table 'auth_service_db.users' doesn't exist
[2025-05-30T09:43:50.116Z] ERROR: Error: Error finding user
[2025-05-30T09:40:42.107Z] ERROR: Error synchronizing database: Access denied for user 'root'@'host.docker.internal' (using password: NO)
[2025-05-30T09:41:31.102Z] ERROR: Error synchronizing database: Access denied for user 'root'@'host.docker.internal' (using password: NO)
[2025-05-30T09:42:30.576Z] ERROR: Error synchronizing database: Access denied for user 'root'@'%' to database 'auth_service_db'
[2025-05-30T09:42:39.359Z] ERROR: Error synchronizing database: Access denied for user 'root'@'%' to database 'auth_service_db'
[2025-05-30T09:43:09.919Z] ERROR: Error synchronizing database: Access denied for user 'root'@'%' to database 'auth_service_db'
[2025-06-02T07:06:12.610Z] ERROR: Failed to save refresh token: Unknown column 'userId' in 'field list'
[2025-06-02T07:06:12.611Z] ERROR: Error: Failed to save refresh token
[2025-06-02T07:06:22.816Z] ERROR: Failed to save refresh token: Unknown column 'userId' in 'field list'
[2025-06-02T07:06:22.829Z] ERROR: Error: Failed to save refresh token
[2025-06-02T07:06:47.821Z] ERROR: Failed to save refresh token: Unknown column 'userId' in 'field list'
[2025-06-02T07:06:47.821Z] ERROR: Error: Failed to save refresh token
[2025-06-03T11:59:33.627Z] ERROR: Unable to connect to the database: Unknown database 'auth_service_db'
[2025-06-03T11:59:35.159Z] ERROR: Unable to connect to the database: Unknown database 'auth_service_db'
[2025-06-03T11:59:36.643Z] ERROR: Unable to connect to the database: Unknown database 'auth_service_db'
[2025-06-03T11:59:38.075Z] ERROR: Unable to connect to the database: Unknown database 'auth_service_db'
[2025-06-03T11:59:39.800Z] ERROR: Unable to connect to the database: Unknown database 'auth_service_db'
[2025-06-03T11:59:42.253Z] ERROR: Unable to connect to the database: Unknown database 'auth_service_db'
[2025-06-03T11:59:49.147Z] ERROR: Unable to connect to the database: Unknown database 'auth_service_db'
[2025-06-03T12:40:38.547Z] ERROR: Error finding user by username or email: Table 'auth_service_db.users' doesn't exist
[2025-06-03T12:40:38.548Z] ERROR: Error: Error finding user
[2025-06-03T12:40:43.653Z] ERROR: Error finding user by username or email: Table 'auth_service_db.users' doesn't exist
[2025-06-03T12:40:43.655Z] ERROR: Error: Error finding user
[2025-06-03T12:41:22.071Z] ERROR: Error finding user by username or email: Table 'auth_service_db.users' doesn't exist
[2025-06-03T12:41:22.071Z] ERROR: Error: Error finding user
