[2025-05-30T07:56:49.127Z] ERROR: Health check failed for auth-service: connect ECONNREFUSED 172.18.0.2:4001
[2025-05-30T07:57:04.366Z] ERROR: Health check failed for auth-service: connect ECONNREFUSED 172.18.0.2:4001
[2025-05-30T07:57:18.019Z] ERROR: Health check failed for auth-service: getaddrinfo ENOTFOUND auth-service
[2025-05-30T07:57:33.030Z] ERROR: Health check failed for auth-service: getaddrinfo EAI_AGAIN auth-service
[2025-05-30T07:57:49.382Z] ERROR: Health check failed for auth-service: getaddrinfo ENOTFOUND auth-service
[2025-05-30T07:58:04.392Z] ERROR: Health check failed for auth-service: getaddrinfo EAI_AGAIN auth-service
[2025-05-30T07:58:20.811Z] ERROR: Health check failed for auth-service: getaddrinfo ENOTFOUND auth-service
[2025-05-30T07:58:35.822Z] ERROR: Health check failed for auth-service: getaddrinfo EAI_AGAIN auth-service
[2025-05-30T07:58:51.143Z] ERROR: Health check failed for auth-service: connect ECONNREFUSED 172.18.0.2:4001
[2025-05-30T08:16:43.603Z] ERROR: Health check failed for auth-service: connect ECONNREFUSED 172.18.0.2:4001
[2025-05-30T08:28:20.091Z] ERROR: Health check failed for auth-service: connect ECONNREFUSED 172.18.0.2:4001
[2025-06-10T10:23:15.685Z] ERROR: Auth middleware error: jwt expired
[2025-06-10T10:23:15.690Z] ERROR: Auth middleware error: jwt expired
[2025-06-10T10:23:15.693Z] ERROR: Auth middleware error: jwt expired
[2025-06-10T10:23:15.697Z] ERROR: Auth middleware error: jwt expired
[2025-06-10T10:23:15.702Z] ERROR: Auth middleware error: jwt expired
[2025-06-10T10:23:15.706Z] ERROR: Auth middleware error: jwt expired
[2025-06-10T10:23:21.926Z] ERROR: Auth middleware error: jwt expired
[2025-06-10T10:23:21.931Z] ERROR: Auth middleware error: jwt expired
[2025-06-10T10:23:21.935Z] ERROR: Auth middleware error: jwt expired
[2025-06-10T10:23:21.953Z] ERROR: Auth middleware error: jwt expired
[2025-06-10T10:23:21.964Z] ERROR: Auth middleware error: jwt expired
[2025-06-10T10:23:21.977Z] ERROR: Auth middleware error: jwt expired
[2025-06-10T10:47:32.177Z] ERROR: Auth middleware error: jwt expired
[2025-06-10T10:47:32.186Z] ERROR: Auth middleware error: jwt expired
[2025-06-10T10:47:32.191Z] ERROR: Auth middleware error: jwt expired
[2025-06-10T10:47:32.208Z] ERROR: Auth middleware error: jwt expired
[2025-06-10T10:47:32.216Z] ERROR: Auth middleware error: jwt expired
[2025-06-10T10:47:32.220Z] ERROR: Auth middleware error: jwt expired
[2025-06-10T12:16:18.528Z] ERROR: Proxy error to Tickets Service: Error: getaddrinfo EAI_AGAIN tickets-service
[2025-06-10T12:16:22.186Z] ERROR: Proxy error to Tickets Service: Error: getaddrinfo ENOTFOUND tickets-service
[2025-06-10T12:17:01.643Z] ERROR: Proxy error to Tickets Service: Error: getaddrinfo EAI_AGAIN tickets-service
[2025-06-10T12:19:44.516Z] ERROR: Proxy error to Tickets Service: Error: getaddrinfo EAI_AGAIN tickets-service
[2025-06-10T12:21:19.970Z] ERROR: Proxy error to Tickets Service: Error: getaddrinfo EAI_AGAIN tickets-service
[2025-06-10T12:21:23.651Z] ERROR: Proxy error to Tickets Service: Error: getaddrinfo ENOTFOUND tickets-service
[2025-06-10T12:27:02.590Z] ERROR: Proxy error to Tickets Service: Error: getaddrinfo EAI_AGAIN tickets-service
[2025-06-10T12:27:06.235Z] ERROR: Proxy error to Tickets Service: Error: getaddrinfo ENOTFOUND tickets-service
[2025-06-10T12:30:30.529Z] ERROR: Proxy error to Tickets Service: Error: getaddrinfo EAI_AGAIN tickets-service
